# JRE version: Java(TM) SE Runtime Environment (8.0_121-b13) (build 1.8.0_121-b13)
# Java VM: Java HotSpot(TM) 64-Bit Server VM (25.121-b13 mixed mode windows-amd64 compressed oops)
Heap:
 PSYoungGen      total 174080K, used 81863K [0x00000000d5d00000, 0x00000000e2d00000, 0x0000000100000000)
  eden space 140288K, 58% used [0x00000000d5d00000,0x00000000dace1ff8,0x00000000de600000)
  from space 33792K, 0% used [0x00000000e0c00000,0x00000000e0c10000,0x00000000e2d00000)
  to   space 36352K, 0% used [0x00000000de600000,0x00000000de600000,0x00000000e0980000)
 ParOldGen       total 162816K, used 70697K [0x0000000081600000, 0x000000008b500000, 0x00000000d5d00000)
  object space 162816K, 43% used [0x0000000081600000,0x0000000085b0a778,0x000000008b500000)
 Metaspace       used 3812K, capacity 4614K, committed 4864K, reserved 1056768K
  class space    used 423K, capacity 433K, committed 512K, reserved 1048576K
GC Heap History (10 events):
Event: 2.446 GC heap before
{Heap before GC invocations=9 (full 1):
 PSYoungGen      total 147456K, used 101920K [0x00000000d5d00000, 0x00000000e2e00000, 0x0000000100000000)
  eden space 101888K, 100% used [0x00000000d5d00000,0x00000000dc080000,0x00000000dc080000)
  from space 45568K, 0% used [0x00000000dc080000,0x00000000dc088000,0x00000000ded00000)
  to   space 44544K, 0% used [0x00000000e0280000,0x00000000e0280000,0x00000000e2e00000)
 ParOldGen       total 162816K, used 70697K [0x0000000081600000, 0x000000008b500000, 0x00000000d5d00000)
  object space 162816K, 43% used [0x0000000081600000,0x0000000085b0a778,0x000000008b500000)
 Metaspace       used 3731K, capacity 4608K, committed 4864K, reserved 1056768K
  class space    used 415K, capacity 432K, committed 512K, reserved 1048576K
Event: 2.450 GC heap after
Heap after GC invocations=9 (full 1):
 PSYoungGen      total 159232K, used 32K [0x00000000d5d00000, 0x00000000e2780000, 0x0000000100000000)
  eden space 121344K, 0% used [0x00000000d5d00000,0x00000000d5d00000,0x00000000dd380000)
  from space 37888K, 0% used [0x00000000e0280000,0x00000000e0288000,0x00000000e2780000)
  to   space 43008K, 0% used [0x00000000dd380000,0x00000000dd380000,0x00000000dfd80000)
 ParOldGen       total 162816K, used 70697K [0x0000000081600000, 0x000000008b500000, 0x00000000d5d00000)
  object space 162816K, 43% used [0x0000000081600000,0x0000000085b0a778,0x000000008b500000)
 Metaspace       used 3731K, capacity 4608K, committed 4864K, reserved 1056768K
  class space    used 415K, capacity 432K, committed 512K, reserved 1048576K
}
Event: 2.733 GC heap before
{Heap before GC invocations=10 (full 1):
 PSYoungGen      total 159232K, used 121376K [0x00000000d5d00000, 0x00000000e2780000, 0x0000000100000000)
  eden space 121344K, 100% used [0x00000000d5d00000,0x00000000dd380000,0x00000000dd380000)
  from space 37888K, 0% used [0x00000000e0280000,0x00000000e0288000,0x00000000e2780000)
  to   space 43008K, 0% used [0x00000000dd380000,0x00000000dd380000,0x00000000dfd80000)
 ParOldGen       total 162816K, used 70697K [0x0000000081600000, 0x000000008b500000, 0x00000000d5d00000)
  object space 162816K, 43% used [0x0000000081600000,0x0000000085b0a778,0x000000008b500000)
 Metaspace       used 3731K, capacity 4608K, committed 4864K, reserved 1056768K
  class space    used 415K, capacity 432K, committed 512K, reserved 1048576K
Event: 2.740 GC heap after
Heap after GC invocations=10 (full 1):
 PSYoungGen      total 164352K, used 64K [0x00000000d5d00000, 0x00000000e3080000, 0x0000000100000000)
  eden space 121344K, 0% used [0x00000000d5d00000,0x00000000d5d00000,0x00000000dd380000)
  from space 43008K, 0% used [0x00000000dd380000,0x00000000dd390000,0x00000000dfd80000)
  to   space 41472K, 0% used [0x00000000e0800000,0x00000000e0800000,0x00000000e3080000)
 ParOldGen       total 162816K, used 70697K [0x0000000081600000, 0x000000008b500000, 0x00000000d5d00000)
  object space 162816K, 43% used [0x0000000081600000,0x0000000085b0a778,0x000000008b500000)
 Metaspace       used 3731K, capacity 4608K, committed 4864K, reserved 1056768K
  class space    used 415K, capacity 432K, committed 512K, reserved 1048576K
}
Event: 3.064 GC heap before
{Heap before GC invocations=11 (full 1):
 PSYoungGen      total 164352K, used 121408K [0x00000000d5d00000, 0x00000000e3080000, 0x0000000100000000)
  eden space 121344K, 100% used [0x00000000d5d00000,0x00000000dd380000,0x00000000dd380000)
  from space 43008K, 0% used [0x00000000dd380000,0x00000000dd390000,0x00000000dfd80000)
  to   space 41472K, 0% used [0x00000000e0800000,0x00000000e0800000,0x00000000e3080000)
 ParOldGen       total 162816K, used 70697K [0x0000000081600000, 0x000000008b500000, 0x00000000d5d00000)
  object space 162816K, 43% used [0x0000000081600000,0x0000000085b0a778,0x000000008b500000)
 Metaspace       used 3731K, capacity 4608K, committed 4864K, reserved 1056768K
  class space    used 415K, capacity 432K, committed 512K, reserved 1048576K
Event: 3.070 GC heap after
Heap after GC invocations=11 (full 1):
 PSYoungGen      total 167936K, used 32K [0x00000000d5d00000, 0x00000000e2b00000, 0x0000000100000000)
  eden space 132096K, 0% used [0x00000000d5d00000,0x00000000d5d00000,0x00000000dde00000)
  from space 35840K, 0% used [0x00000000e0800000,0x00000000e0808000,0x00000000e2b00000)
  to   space 39424K, 0% used [0x00000000dde00000,0x00000000dde00000,0x00000000e0480000)
 ParOldGen       total 162816K, used 70697K [0x0000000081600000, 0x000000008b500000, 0x00000000d5d00000)
  object space 162816K, 43% used [0x0000000081600000,0x0000000085b0a778,0x000000008b500000)
 Metaspace       used 3731K, capacity 4608K, committed 4864K, reserved 1056768K
  class space    used 415K, capacity 432K, committed 512K, reserved 1048576K
}
Event: 3.351 GC heap before
{Heap before GC invocations=12 (full 1):
 PSYoungGen      total 167936K, used 132128K [0x00000000d5d00000, 0x00000000e2b00000, 0x0000000100000000)
  eden space 132096K, 100% used [0x00000000d5d00000,0x00000000dde00000,0x00000000dde00000)
  from space 35840K, 0% used [0x00000000e0800000,0x00000000e0808000,0x00000000e2b00000)
  to   space 39424K, 0% used [0x00000000dde00000,0x00000000dde00000,0x00000000e0480000)
 ParOldGen       total 162816K, used 70697K [0x0000000081600000, 0x000000008b500000, 0x00000000d5d00000)
  object space 162816K, 43% used [0x0000000081600000,0x0000000085b0a778,0x000000008b500000)
 Metaspace       used 3731K, capacity 4608K, committed 4864K, reserved 1056768K
  class space    used 415K, capacity 432K, committed 512K, reserved 1048576K
Event: 3.352 GC heap after
Heap after GC invocations=12 (full 1):
 PSYoungGen      total 171520K, used 32K [0x00000000d5d00000, 0x00000000e3100000, 0x0000000100000000)
  eden space 132096K, 0% used [0x00000000d5d00000,0x00000000d5d00000,0x00000000dde00000)
  from space 39424K, 0% used [0x00000000dde00000,0x00000000dde08000,0x00000000e0480000)
  to   space 37888K, 0% used [0x00000000e0c00000,0x00000000e0c00000,0x00000000e3100000)
 ParOldGen       total 162816K, used 70697K [0x0000000081600000, 0x000000008b500000, 0x00000000d5d00000)
  object space 162816K, 43% used [0x0000000081600000,0x0000000085b0a778,0x000000008b500000)
 Metaspace       used 3731K, capacity 4608K, committed 4864K, reserved 1056768K
  class space    used 415K, capacity 432K, committed 512K, reserved 1048576K
}
Event: 3.672 GC heap before
{Heap before GC invocations=13 (full 1):
 PSYoungGen      total 171520K, used 132128K [0x00000000d5d00000, 0x00000000e3100000, 0x0000000100000000)
  eden space 132096K, 100% used [0x00000000d5d00000,0x00000000dde00000,0x00000000dde00000)
  from space 39424K, 0% used [0x00000000dde00000,0x00000000dde08000,0x00000000e0480000)
  to   space 37888K, 0% used [0x00000000e0c00000,0x00000000e0c00000,0x00000000e3100000)
 ParOldGen       total 162816K, used 70697K [0x0000000081600000, 0x000000008b500000, 0x00000000d5d00000)
  object space 162816K, 43% used [0x0000000081600000,0x0000000085b0a778,0x000000008b500000)
 Metaspace       used 3812K, capacity 4614K, committed 4864K, reserved 1056768K
  class space    used 423K, capacity 433K, committed 512K, reserved 1048576K
Event: 3.677 GC heap after
Heap after GC invocations=13 (full 1):
 PSYoungGen      total 174080K, used 64K [0x00000000d5d00000, 0x00000000e2d00000, 0x0000000100000000)
  eden space 140288K, 0% used [0x00000000d5d00000,0x00000000d5d00000,0x00000000de600000)
  from space 33792K, 0% used [0x00000000e0c00000,0x00000000e0c10000,0x00000000e2d00000)
  to   space 36352K, 0% used [0x00000000de600000,0x00000000de600000,0x00000000e0980000)
 ParOldGen       total 162816K, used 70697K [0x0000000081600000, 0x000000008b500000, 0x00000000d5d00000)
  object space 162816K, 43% used [0x0000000081600000,0x0000000085b0a778,0x000000008b500000)
 Metaspace       used 3812K, capacity 4614K, committed 4864K, reserved 1056768K
  class space    used 423K, capacity 433K, committed 512K, reserved 1048576K
}

