# JRE version: Java(TM) SE Runtime Environment (8.0_121-b13) (build 1.8.0_121-b13)
# Java VM: Java HotSpot(TM) 64-Bit Server VM (25.121-b13 mixed mode windows-amd64 compressed oops)
Heap:
 PSYoungGen      total 291328K, used 9595K [0x00000000d5d00000, 0x00000000e8300000, 0x0000000100000000)
  eden space 282112K, 3% used [0x00000000d5d00000,0x00000000d662efd0,0x00000000e7080000)
  from space 9216K, 2% used [0x00000000e7080000,0x00000000e70b0000,0x00000000e7980000)
  to   space 8704K, 0% used [0x00000000e7a80000,0x00000000e7a80000,0x00000000e8300000)
 ParOldGen       total 827904K, used 702502K [0x0000000081600000, 0x00000000b3e80000, 0x00000000d5d00000)
  object space 827904K, 84% used [0x0000000081600000,0x00000000ac409a10,0x00000000b3e80000)
 Metaspace       used 4199K, capacity 4778K, committed 4992K, reserved 1056768K
  class space    used 473K, capacity 530K, committed 640K, reserved 1048576K
GC Heap History (10 events):
Event: 74.666 GC heap before
{Heap before GC invocations=65 (full 4):
 PSYoungGen      total 290304K, used 278560K [0x00000000d5d00000, 0x00000000e8700000, 0x0000000100000000)
  eden space 278528K, 100% used [0x00000000d5d00000,0x00000000e6d00000,0x00000000e6d00000)
  from space 11776K, 0% used [0x00000000e7b80000,0x00000000e7b88000,0x00000000e8700000)
  to   space 13312K, 0% used [0x00000000e6d00000,0x00000000e6d00000,0x00000000e7a00000)
 ParOldGen       total 827904K, used 702486K [0x0000000081600000, 0x00000000b3e80000, 0x00000000d5d00000)
  object space 827904K, 84% used [0x0000000081600000,0x00000000ac405a10,0x00000000b3e80000)
 Metaspace       used 3722K, capacity 4608K, committed 4864K, reserved 1056768K
  class space    used 415K, capacity 432K, committed 512K, reserved 1048576K
Event: 74.677 GC heap after
Heap after GC invocations=65 (full 4):
 PSYoungGen      total 291840K, used 64K [0x00000000d5d00000, 0x00000000e8680000, 0x0000000100000000)
  eden space 278528K, 0% used [0x00000000d5d00000,0x00000000d5d00000,0x00000000e6d00000)
  from space 13312K, 0% used [0x00000000e6d00000,0x00000000e6d10000,0x00000000e7a00000)
  to   space 12288K, 0% used [0x00000000e7a80000,0x00000000e7a80000,0x00000000e8680000)
 ParOldGen       total 827904K, used 702494K [0x0000000081600000, 0x00000000b3e80000, 0x00000000d5d00000)
  object space 827904K, 84% used [0x0000000081600000,0x00000000ac407a10,0x00000000b3e80000)
 Metaspace       used 3722K, capacity 4608K, committed 4864K, reserved 1056768K
  class space    used 415K, capacity 432K, committed 512K, reserved 1048576K
}
Event: 75.236 GC heap before
{Heap before GC invocations=66 (full 4):
 PSYoungGen      total 291840K, used 278592K [0x00000000d5d00000, 0x00000000e8680000, 0x0000000100000000)
  eden space 278528K, 100% used [0x00000000d5d00000,0x00000000e6d00000,0x00000000e6d00000)
  from space 13312K, 0% used [0x00000000e6d00000,0x00000000e6d10000,0x00000000e7a00000)
  to   space 12288K, 0% used [0x00000000e7a80000,0x00000000e7a80000,0x00000000e8680000)
 ParOldGen       total 827904K, used 702494K [0x0000000081600000, 0x00000000b3e80000, 0x00000000d5d00000)
  object space 827904K, 84% used [0x0000000081600000,0x00000000ac407a10,0x00000000b3e80000)
 Metaspace       used 3722K, capacity 4608K, committed 4864K, reserved 1056768K
  class space    used 415K, capacity 432K, committed 512K, reserved 1048576K
Event: 75.245 GC heap after
Heap after GC invocations=66 (full 4):
 PSYoungGen      total 290304K, used 32K [0x00000000d5d00000, 0x00000000e8480000, 0x0000000100000000)
  eden space 280064K, 0% used [0x00000000d5d00000,0x00000000d5d00000,0x00000000e6e80000)
  from space 10240K, 0% used [0x00000000e7a80000,0x00000000e7a88000,0x00000000e8480000)
  to   space 11264K, 0% used [0x00000000e6e80000,0x00000000e6e80000,0x00000000e7980000)
 ParOldGen       total 827904K, used 702494K [0x0000000081600000, 0x00000000b3e80000, 0x00000000d5d00000)
  object space 827904K, 84% used [0x0000000081600000,0x00000000ac407a10,0x00000000b3e80000)
 Metaspace       used 3722K, capacity 4608K, committed 4864K, reserved 1056768K
  class space    used 415K, capacity 432K, committed 512K, reserved 1048576K
}
Event: 75.839 GC heap before
{Heap before GC invocations=67 (full 4):
 PSYoungGen      total 290304K, used 280096K [0x00000000d5d00000, 0x00000000e8480000, 0x0000000100000000)
  eden space 280064K, 100% used [0x00000000d5d00000,0x00000000e6e80000,0x00000000e6e80000)
  from space 10240K, 0% used [0x00000000e7a80000,0x00000000e7a88000,0x00000000e8480000)
  to   space 11264K, 0% used [0x00000000e6e80000,0x00000000e6e80000,0x00000000e7980000)
 ParOldGen       total 827904K, used 702494K [0x0000000081600000, 0x00000000b3e80000, 0x00000000d5d00000)
  object space 827904K, 84% used [0x0000000081600000,0x00000000ac407a10,0x00000000b3e80000)
 Metaspace       used 3722K, capacity 4608K, committed 4864K, reserved 1056768K
  class space    used 415K, capacity 432K, committed 512K, reserved 1048576K
Event: 75.854 GC heap after
Heap after GC invocations=67 (full 4):
 PSYoungGen      total 291328K, used 96K [0x00000000d5d00000, 0x00000000e8480000, 0x0000000100000000)
  eden space 280064K, 0% used [0x00000000d5d00000,0x00000000d5d00000,0x00000000e6e80000)
  from space 11264K, 0% used [0x00000000e6e80000,0x00000000e6e98000,0x00000000e7980000)
  to   space 10240K, 0% used [0x00000000e7a80000,0x00000000e7a80000,0x00000000e8480000)
 ParOldGen       total 827904K, used 702494K [0x0000000081600000, 0x00000000b3e80000, 0x00000000d5d00000)
  object space 827904K, 84% used [0x0000000081600000,0x00000000ac407a10,0x00000000b3e80000)
 Metaspace       used 3722K, capacity 4608K, committed 4864K, reserved 1056768K
  class space    used 415K, capacity 432K, committed 512K, reserved 1048576K
}
Event: 76.511 GC heap before
{Heap before GC invocations=68 (full 4):
 PSYoungGen      total 291328K, used 280160K [0x00000000d5d00000, 0x00000000e8480000, 0x0000000100000000)
  eden space 280064K, 100% used [0x00000000d5d00000,0x00000000e6e80000,0x00000000e6e80000)
  from space 11264K, 0% used [0x00000000e6e80000,0x00000000e6e98000,0x00000000e7980000)
  to   space 10240K, 0% used [0x00000000e7a80000,0x00000000e7a80000,0x00000000e8480000)
 ParOldGen       total 827904K, used 702494K [0x0000000081600000, 0x00000000b3e80000, 0x00000000d5d00000)
  object space 827904K, 84% used [0x0000000081600000,0x00000000ac407a10,0x00000000b3e80000)
 Metaspace       used 3722K, capacity 4608K, committed 4864K, reserved 1056768K
  class space    used 415K, capacity 432K, committed 512K, reserved 1048576K
Event: 76.524 GC heap after
Heap after GC invocations=68 (full 4):
 PSYoungGen      total 290304K, used 64K [0x00000000d5d00000, 0x00000000e8280000, 0x0000000100000000)
  eden space 282112K, 0% used [0x00000000d5d00000,0x00000000d5d00000,0x00000000e7080000)
  from space 8192K, 0% used [0x00000000e7a80000,0x00000000e7a90000,0x00000000e8280000)
  to   space 9216K, 0% used [0x00000000e7080000,0x00000000e7080000,0x00000000e7980000)
 ParOldGen       total 827904K, used 702494K [0x0000000081600000, 0x00000000b3e80000, 0x00000000d5d00000)
  object space 827904K, 84% used [0x0000000081600000,0x00000000ac407a10,0x00000000b3e80000)
 Metaspace       used 3722K, capacity 4608K, committed 4864K, reserved 1056768K
  class space    used 415K, capacity 432K, committed 512K, reserved 1048576K
}
Event: 82.245 GC heap before
{Heap before GC invocations=69 (full 4):
 PSYoungGen      total 290304K, used 282176K [0x00000000d5d00000, 0x00000000e8280000, 0x0000000100000000)
  eden space 282112K, 100% used [0x00000000d5d00000,0x00000000e7080000,0x00000000e7080000)
  from space 8192K, 0% used [0x00000000e7a80000,0x00000000e7a90000,0x00000000e8280000)
  to   space 9216K, 0% used [0x00000000e7080000,0x00000000e7080000,0x00000000e7980000)
 ParOldGen       total 827904K, used 702494K [0x0000000081600000, 0x00000000b3e80000, 0x00000000d5d00000)
  object space 827904K, 84% used [0x0000000081600000,0x00000000ac407a10,0x00000000b3e80000)
 Metaspace       used 4185K, capacity 4778K, committed 4992K, reserved 1056768K
  class space    used 472K, capacity 530K, committed 640K, reserved 1048576K
Event: 82.264 GC heap after
Heap after GC invocations=69 (full 4):
 PSYoungGen      total 291328K, used 192K [0x00000000d5d00000, 0x00000000e8300000, 0x0000000100000000)
  eden space 282112K, 0% used [0x00000000d5d00000,0x00000000d5d00000,0x00000000e7080000)
  from space 9216K, 2% used [0x00000000e7080000,0x00000000e70b0000,0x00000000e7980000)
  to   space 8704K, 0% used [0x00000000e7a80000,0x00000000e7a80000,0x00000000e8300000)
 ParOldGen       total 827904K, used 702502K [0x0000000081600000, 0x00000000b3e80000, 0x00000000d5d00000)
  object space 827904K, 84% used [0x0000000081600000,0x00000000ac409a10,0x00000000b3e80000)
 Metaspace       used 4185K, capacity 4778K, committed 4992K, reserved 1056768K
  class space    used 472K, capacity 530K, committed 640K, reserved 1048576K
}

