# JRE version: Java(TM) SE Runtime Environment (8.0_121-b13) (build 1.8.0_121-b13)
# Java VM: Java HotSpot(TM) 64-Bit Server VM (25.121-b13 mixed mode windows-amd64 compressed oops)
Heap:
 PSYoungGen      total 165888K, used 36531K [0x00000000d5d00000, 0x00000000e2a80000, 0x0000000100000000)
  eden space 121344K, 30% used [0x00000000d5d00000,0x00000000d80a4e40,0x00000000dd380000)
  from space 44544K, 0% used [0x00000000dfd80000,0x00000000dfd88000,0x00000000e2900000)
  to   space 43008K, 0% used [0x00000000dd380000,0x00000000dd380000,0x00000000dfd80000)
 ParOldGen       total 162816K, used 70699K [0x0000000081600000, 0x000000008b500000, 0x00000000d5d00000)
  object space 162816K, 43% used [0x0000000081600000,0x0000000085b0afe0,0x000000008b500000)
 Metaspace       used 3738K, capacity 4608K, committed 4864K, reserved 1056768K
  class space    used 415K, capacity 432K, committed 512K, reserved 1048576K
GC Heap History (10 events):
Event: 1.549 GC heap before
{Heap before GC invocations=5 (full 1):
 PSYoungGen      total 71680K, used 66560K [0x00000000d5d00000, 0x00000000de900000, 0x0000000100000000)
  eden space 66560K, 100% used [0x00000000d5d00000,0x00000000d9e00000,0x00000000d9e00000)
  from space 5120K, 0% used [0x00000000d9e00000,0x00000000d9e00000,0x00000000da300000)
  to   space 5120K, 0% used [0x00000000de400000,0x00000000de400000,0x00000000de900000)
 ParOldGen       total 162816K, used 70699K [0x0000000081600000, 0x000000008b500000, 0x00000000d5d00000)
  object space 162816K, 43% used [0x0000000081600000,0x0000000085b0afe0,0x000000008b500000)
 Metaspace       used 3712K, capacity 4608K, committed 4864K, reserved 1056768K
  class space    used 410K, capacity 432K, committed 512K, reserved 1048576K
Event: 1.555 GC heap after
Heap after GC invocations=5 (full 1):
 PSYoungGen      total 84992K, used 96K [0x00000000d5d00000, 0x00000000de480000, 0x0000000100000000)
  eden space 84480K, 0% used [0x00000000d5d00000,0x00000000d5d00000,0x00000000daf80000)
  from space 512K, 18% used [0x00000000de400000,0x00000000de418000,0x00000000de480000)
  to   space 5120K, 0% used [0x00000000dda80000,0x00000000dda80000,0x00000000ddf80000)
 ParOldGen       total 162816K, used 70699K [0x0000000081600000, 0x000000008b500000, 0x00000000d5d00000)
  object space 162816K, 43% used [0x0000000081600000,0x0000000085b0afe0,0x000000008b500000)
 Metaspace       used 3712K, capacity 4608K, committed 4864K, reserved 1056768K
  class space    used 410K, capacity 432K, committed 512K, reserved 1048576K
}
Event: 1.802 GC heap before
{Heap before GC invocations=6 (full 1):
 PSYoungGen      total 84992K, used 84576K [0x00000000d5d00000, 0x00000000de480000, 0x0000000100000000)
  eden space 84480K, 100% used [0x00000000d5d00000,0x00000000daf80000,0x00000000daf80000)
  from space 512K, 18% used [0x00000000de400000,0x00000000de418000,0x00000000de480000)
  to   space 5120K, 0% used [0x00000000dda80000,0x00000000dda80000,0x00000000ddf80000)
 ParOldGen       total 162816K, used 70699K [0x0000000081600000, 0x000000008b500000, 0x00000000d5d00000)
  object space 162816K, 43% used [0x0000000081600000,0x0000000085b0afe0,0x000000008b500000)
 Metaspace       used 3737K, capacity 4608K, committed 4864K, reserved 1056768K
  class space    used 415K, capacity 432K, committed 512K, reserved 1048576K
Event: 1.805 GC heap after
Heap after GC invocations=6 (full 1):
 PSYoungGen      total 108544K, used 96K [0x00000000d5d00000, 0x00000000e1d00000, 0x0000000100000000)
  eden space 103424K, 0% used [0x00000000d5d00000,0x00000000d5d00000,0x00000000dc200000)
  from space 5120K, 1% used [0x00000000dda80000,0x00000000dda98000,0x00000000ddf80000)
  to   space 46592K, 0% used [0x00000000def80000,0x00000000def80000,0x00000000e1d00000)
 ParOldGen       total 162816K, used 70699K [0x0000000081600000, 0x000000008b500000, 0x00000000d5d00000)
  object space 162816K, 43% used [0x0000000081600000,0x0000000085b0afe0,0x000000008b500000)
 Metaspace       used 3737K, capacity 4608K, committed 4864K, reserved 1056768K
  class space    used 415K, capacity 432K, committed 512K, reserved 1048576K
}
Event: 2.102 GC heap before
{Heap before GC invocations=7 (full 1):
 PSYoungGen      total 108544K, used 103520K [0x00000000d5d00000, 0x00000000e1d00000, 0x0000000100000000)
  eden space 103424K, 100% used [0x00000000d5d00000,0x00000000dc200000,0x00000000dc200000)
  from space 5120K, 1% used [0x00000000dda80000,0x00000000dda98000,0x00000000ddf80000)
  to   space 46592K, 0% used [0x00000000def80000,0x00000000def80000,0x00000000e1d00000)
 ParOldGen       total 162816K, used 70699K [0x0000000081600000, 0x000000008b500000, 0x00000000d5d00000)
  object space 162816K, 43% used [0x0000000081600000,0x0000000085b0afe0,0x000000008b500000)
 Metaspace       used 3737K, capacity 4608K, committed 4864K, reserved 1056768K
  class space    used 415K, capacity 432K, committed 512K, reserved 1048576K
Event: 2.109 GC heap after
Heap after GC invocations=7 (full 1):
 PSYoungGen      total 150528K, used 128K [0x00000000d5d00000, 0x00000000e2f00000, 0x0000000100000000)
  eden space 103936K, 0% used [0x00000000d5d00000,0x00000000d5d00000,0x00000000dc280000)
  from space 46592K, 0% used [0x00000000def80000,0x00000000defa0000,0x00000000e1d00000)
  to   space 46080K, 0% used [0x00000000dc280000,0x00000000dc280000,0x00000000def80000)
 ParOldGen       total 162816K, used 70699K [0x0000000081600000, 0x000000008b500000, 0x00000000d5d00000)
  object space 162816K, 43% used [0x0000000081600000,0x0000000085b0afe0,0x000000008b500000)
 Metaspace       used 3737K, capacity 4608K, committed 4864K, reserved 1056768K
  class space    used 415K, capacity 432K, committed 512K, reserved 1048576K
}
Event: 2.312 GC heap before
{Heap before GC invocations=8 (full 1):
 PSYoungGen      total 150528K, used 104064K [0x00000000d5d00000, 0x00000000e2f00000, 0x0000000100000000)
  eden space 103936K, 100% used [0x00000000d5d00000,0x00000000dc280000,0x00000000dc280000)
  from space 46592K, 0% used [0x00000000def80000,0x00000000defa0000,0x00000000e1d00000)
  to   space 46080K, 0% used [0x00000000dc280000,0x00000000dc280000,0x00000000def80000)
 ParOldGen       total 162816K, used 70699K [0x0000000081600000, 0x000000008b500000, 0x00000000d5d00000)
  object space 162816K, 43% used [0x0000000081600000,0x0000000085b0afe0,0x000000008b500000)
 Metaspace       used 3737K, capacity 4608K, committed 4864K, reserved 1056768K
  class space    used 415K, capacity 432K, committed 512K, reserved 1048576K
Event: 2.314 GC heap after
Heap after GC invocations=8 (full 1):
 PSYoungGen      total 150016K, used 64K [0x00000000d5d00000, 0x00000000e2900000, 0x0000000100000000)
  eden space 103936K, 0% used [0x00000000d5d00000,0x00000000d5d00000,0x00000000dc280000)
  from space 46080K, 0% used [0x00000000dc280000,0x00000000dc290000,0x00000000def80000)
  to   space 44544K, 0% used [0x00000000dfd80000,0x00000000dfd80000,0x00000000e2900000)
 ParOldGen       total 162816K, used 70699K [0x0000000081600000, 0x000000008b500000, 0x00000000d5d00000)
  object space 162816K, 43% used [0x0000000081600000,0x0000000085b0afe0,0x000000008b500000)
 Metaspace       used 3737K, capacity 4608K, committed 4864K, reserved 1056768K
  class space    used 415K, capacity 432K, committed 512K, reserved 1048576K
}
Event: 2.605 GC heap before
{Heap before GC invocations=9 (full 1):
 PSYoungGen      total 150016K, used 104000K [0x00000000d5d00000, 0x00000000e2900000, 0x0000000100000000)
  eden space 103936K, 100% used [0x00000000d5d00000,0x00000000dc280000,0x00000000dc280000)
  from space 46080K, 0% used [0x00000000dc280000,0x00000000dc290000,0x00000000def80000)
  to   space 44544K, 0% used [0x00000000dfd80000,0x00000000dfd80000,0x00000000e2900000)
 ParOldGen       total 162816K, used 70699K [0x0000000081600000, 0x000000008b500000, 0x00000000d5d00000)
  object space 162816K, 43% used [0x0000000081600000,0x0000000085b0afe0,0x000000008b500000)
 Metaspace       used 3738K, capacity 4608K, committed 4864K, reserved 1056768K
  class space    used 415K, capacity 432K, committed 512K, reserved 1048576K
Event: 2.648 GC heap after
Heap after GC invocations=9 (full 1):
 PSYoungGen      total 165888K, used 32K [0x00000000d5d00000, 0x00000000e2a80000, 0x0000000100000000)
  eden space 121344K, 0% used [0x00000000d5d00000,0x00000000d5d00000,0x00000000dd380000)
  from space 44544K, 0% used [0x00000000dfd80000,0x00000000dfd88000,0x00000000e2900000)
  to   space 43008K, 0% used [0x00000000dd380000,0x00000000dd380000,0x00000000dfd80000)
 ParOldGen       total 162816K, used 70699K [0x0000000081600000, 0x000000008b500000, 0x00000000d5d00000)
  object space 162816K, 43% used [0x0000000081600000,0x0000000085b0afe0,0x000000008b500000)
 Metaspace       used 3738K, capacity 4608K, committed 4864K, reserved 1056768K
  class space    used 415K, capacity 432K, committed 512K, reserved 1048576K
}

